<?xml version="1.0" encoding="UTF-8"?>
<testng-results ignored="0" total="1" passed="1" failed="0" skipped="0">
  <reporter-output>
  </reporter-output>
  <suite started-at="2024-12-23T15:14:05 CET" name="Default suite" finished-at="2024-12-23T15:14:09 CET" duration-ms="3894">
    <groups>
    </groups>
    <test started-at="2024-12-23T15:14:05 CET" name="Default test" finished-at="2024-12-23T15:14:09 CET" duration-ms="3894">
      <class name="TestCases.Textverification">
        <test-method is-config="true" signature="beforeMethod()[pri:0, instance:TestCases.Textverification@6f603e89]" started-at="2024-12-23T15:14:05 CET" name="beforeMethod" finished-at="2024-12-23T15:14:09 CET" duration-ms="3453" status="PASS">
          <reporter-output>
          </reporter-output>
        </test-method> <!-- beforeMethod -->
        <test-method signature="test()[pri:0, instance:TestCases.Textverification@6f603e89]" started-at="2024-12-23T15:14:09 CET" name="test" finished-at="2024-12-23T15:14:09 CET" duration-ms="112" status="PASS">
          <reporter-output>
          </reporter-output>
        </test-method> <!-- test -->
        <test-method is-config="true" signature="afterMethod()[pri:0, instance:TestCases.Textverification@6f603e89]" started-at="2024-12-23T15:14:09 CET" name="afterMethod" finished-at="2024-12-23T15:14:09 CET" duration-ms="279" status="PASS">
          <reporter-output>
          </reporter-output>
        </test-method> <!-- afterMethod -->
      </class> <!-- TestCases.Textverification -->
    </test> <!-- Default test -->
  </suite> <!-- Default suite -->
</testng-results>
