<?xml version="1.0" encoding="UTF-8"?>
<testng-results ignored="0" total="1" passed="1" failed="0" skipped="0">
  <reporter-output>
  </reporter-output>
  <suite started-at="2024-12-20T15:54:57 CET" name="Default suite" finished-at="2024-12-20T15:55:08 CET" duration-ms="11054">
    <groups>
    </groups>
    <test started-at="2024-12-20T15:54:57 CET" name="Default test" finished-at="2024-12-20T15:55:08 CET" duration-ms="11054">
      <class name="UltimateQA.SearchElement">
        <test-method signature="searchElementse()[pri:0, instance:UltimateQA.SearchElement@4d5b6aac]" started-at="2024-12-20T15:54:57 CET" name="searchElementse" finished-at="2024-12-20T15:55:08 CET" duration-ms="11011" status="PASS">
          <reporter-output>
          </reporter-output>
        </test-method> <!-- searchElementse -->
      </class> <!-- UltimateQA.SearchElement -->
    </test> <!-- Default test -->
  </suite> <!-- Default suite -->
</testng-results>
